INFO:root:Starting driver function
INFO:GLHE.lake_extraction:Extracted Lake: Mono Lake
INFO:GLHE.product_driver_functions:ERA Driver Started: Precip & Evap
INFO:cdsapi:Welcome to the CDS
INFO:cdsapi:Sending request to https://cds.climate.copernicus.eu/api/v2/resources/reanalysis-era5-land-monthly-means
INFO:cdsapi:Request is completed
INFO:cdsapi:Downloading https://download-0018.copernicus-climate.eu/cache-compute-0018/cache/data1/adaptor.mars.internal-1685303326.5498588-6386-12-405293ec-5685-40be-80ee-855287056321.nc to .temp/TEMPORARY_DONOTOPEN_ERA5LAND.nc (2.5M)
INFO:cdsapi:Download rate 933.9K/s
INFO:GLHE.lake_extraction:Subsetted the dataset ERA5 Land to lake area
INFO:GLHE.helpers:Fixed the weird units descriptors in the dataset ERA5 Land for variable e from m of water equivalent to m
INFO:GLHE.helpers:Added the time component (day) to the units of the dataset ERA5 Land
INFO:GLHE.helpers:Converted the dataset ERA5 Land, variable ('tp', 'e'), to units mm/month
INFO:GLHE.helpers:The series (Product: ERA5 Land,Variable Name: e SLC: e, Unit: millimeter / month) has negative values, making it positive
INFO:GLHE.product_driver_functions:ERA Driver Finished
INFO:root:Product: ERA5 Land,Variable Name: tp SLC: p, Unit: millimeter / month
INFO:root:Product: ERA5 Land,Variable Name: e SLC: e, Unit: millimeter / month
INFO:GLHE.product_driver_functions:CRUTS Driver Started: Precip & PET
INFO:GLHE.data_access.CRUTS:Reading in CRUTS data from LocalData folder
INFO:GLHE.lake_extraction:Subsetted the dataset CRUTS to lake area
INFO:GLHE.helpers:Converted the dataset CRUTS, variable ('pet', 'pre'), to units mm/month
INFO:GLHE.product_driver_functions:CRUTS Driver Finished
INFO:root:Product: CRUTS,Variable Name: pet SLC: e, Unit: millimeter / month
INFO:root:Product: CRUTS,Variable Name: pre SLC: p, Unit: millimeter / month
INFO:GLHE.combined_data_functions:Merged datasets into pandas dataframe
INFO:GLHE.combined_data_functions:Plotting Data
INFO:GLHE.combined_data_functions:Output CSV written here: .temp/test.csv
INFO:root:Ended driver function
INFO:root:Starting driver function
INFO:GLHE.lake_extraction:Extracted Lake: Mono Lake
INFO:GLHE.product_driver_functions:ERA Driver Started: Precip & Evap
INFO:cdsapi:Welcome to the CDS
INFO:cdsapi:Sending request to https://cds.climate.copernicus.eu/api/v2/resources/reanalysis-era5-land-monthly-means
INFO:cdsapi:Request is completed
INFO:cdsapi:Downloading https://download-0018.copernicus-climate.eu/cache-compute-0018/cache/data1/adaptor.mars.internal-1685303326.5498588-6386-12-405293ec-5685-40be-80ee-855287056321.nc to .temp/TEMPORARY_DONOTOPEN_ERA5LAND.nc (2.5M)
INFO:cdsapi:Download rate 871.3K/s
INFO:GLHE.lake_extraction:Subsetted the dataset ERA5 Land to lake area
INFO:GLHE.helpers:Fixed the weird units descriptors in the dataset ERA5 Land for variable e from m of water equivalent to m
INFO:GLHE.helpers:Added the time component (day) to the units of the dataset ERA5 Land
INFO:GLHE.helpers:Converted the dataset ERA5 Land, variable ('tp', 'e'), to units mm/month
INFO:GLHE.helpers:The series (Product: ERA5 Land,Variable Name: e SLC: e, Unit: millimeter / month) has negative values, making it positive
INFO:GLHE.product_driver_functions:ERA Driver Finished
INFO:root:Product: ERA5 Land,Variable Name: tp SLC: p, Unit: millimeter / month
INFO:root:Product: ERA5 Land,Variable Name: e SLC: e, Unit: millimeter / month
INFO:GLHE.product_driver_functions:CRUTS Driver Started: Precip & PET
INFO:GLHE.data_access.CRUTS:Reading in CRUTS data from LocalData folder
INFO:GLHE.lake_extraction:Subsetted the dataset CRUTS to lake area
INFO:GLHE.helpers:Converted the dataset CRUTS, variable ('pet', 'pre'), to units mm/month
INFO:GLHE.product_driver_functions:CRUTS Driver Finished
INFO:root:Product: CRUTS,Variable Name: pet SLC: e, Unit: millimeter / month
INFO:root:Product: CRUTS,Variable Name: pre SLC: p, Unit: millimeter / month
INFO:GLHE.combined_data_functions:Merged datasets into pandas dataframe
INFO:GLHE.combined_data_functions:Plotting Data
INFO:GLHE.combined_data_functions:Output CSV written here: .temp/test.csv
INFO:root:Ended driver function
INFO:root:Starting driver function
INFO:GLHE.lake_extraction:Extracted Lake: Mono Lake
INFO:GLHE.product_driver_functions:ERA Driver Started: Precip & Evap
INFO:cdsapi:Welcome to the CDS
INFO:cdsapi:Sending request to https://cds.climate.copernicus.eu/api/v2/resources/reanalysis-era5-land-monthly-means
INFO:cdsapi:Request is completed
INFO:cdsapi:Downloading https://download-0018.copernicus-climate.eu/cache-compute-0018/cache/data1/adaptor.mars.internal-1685303326.5498588-6386-12-405293ec-5685-40be-80ee-855287056321.nc to .temp/TEMPORARY_DONOTOPEN_ERA5LAND.nc (2.5M)
INFO:cdsapi:Download rate 901.9K/s
INFO:GLHE.lake_extraction:Subsetted the dataset ERA5 Land to lake area
INFO:GLHE.helpers:Fixed the weird units descriptors in the dataset ERA5 Land for variable e from m of water equivalent to m
INFO:GLHE.helpers:Added the time component (day) to the units of the dataset ERA5 Land
INFO:GLHE.helpers:Converted the dataset ERA5 Land, variable ('tp', 'e'), to units mm/month
INFO:GLHE.helpers:The series (Product: ERA5 Land,Variable Name: e SLC: e, Unit: millimeter / month) has negative values, making it positive
INFO:GLHE.product_driver_functions:ERA Driver Finished
INFO:root:Product: ERA5 Land,Variable Name: tp SLC: p, Unit: millimeter / month
INFO:root:Product: ERA5 Land,Variable Name: e SLC: e, Unit: millimeter / month
INFO:GLHE.product_driver_functions:CRUTS Driver Started: Precip & PET
INFO:GLHE.data_access.CRUTS:Reading in CRUTS data from LocalData folder
INFO:GLHE.lake_extraction:Subsetted the dataset CRUTS to lake area
INFO:GLHE.helpers:Converted the dataset CRUTS, variable ('pet', 'pre'), to units mm/month
INFO:GLHE.product_driver_functions:CRUTS Driver Finished
INFO:root:Product: CRUTS,Variable Name: pet SLC: e, Unit: millimeter / month
INFO:root:Product: CRUTS,Variable Name: pre SLC: p, Unit: millimeter / month
INFO:GLHE.combined_data_functions:Merged datasets into pandas dataframe
INFO:GLHE.combined_data_functions:Plotting Data
INFO:GLHE.combined_data_functions:Output CSV written here: .temp/test.csv
INFO:root:Ended driver function
INFO:root:Starting driver function
INFO:GLHE.lake_extraction:Extracted Lake: None
INFO:GLHE.product_driver_functions:ERA Driver Started: Precip & Evap
INFO:cdsapi:Welcome to the CDS
INFO:cdsapi:Sending request to https://cds.climate.copernicus.eu/api/v2/resources/reanalysis-era5-land-monthly-means
INFO:cdsapi:Request is queued
INFO:cdsapi:Request is running
INFO:cdsapi:Request is completed
INFO:cdsapi:Downloading https://download-0005-clone.copernicus-climate.eu/cache-compute-0005/cache/data0/adaptor.mars.internal-1685584454.8936002-12094-11-d7e3e12b-71c0-49aa-8ca9-65b13391b9ec.nc to .temp/TEMPORARY_DONOTOPEN_ERA5LAND.nc (2.2M)
INFO:cdsapi:Download rate 732.3K/s
INFO:root:Starting driver function
INFO:GLHE.lake_extraction:Extracted Lake: None
INFO:GLHE.product_driver_functions:ERA Driver Started: Precip & Evap
INFO:cdsapi:Welcome to the CDS
INFO:cdsapi:Sending request to https://cds.climate.copernicus.eu/api/v2/resources/reanalysis-era5-land-monthly-means
INFO:cdsapi:Request is completed
INFO:cdsapi:Downloading https://download-0005-clone.copernicus-climate.eu/cache-compute-0005/cache/data0/adaptor.mars.internal-1685584454.8936002-12094-11-d7e3e12b-71c0-49aa-8ca9-65b13391b9ec.nc to .temp/TEMPORARY_DONOTOPEN_ERA5LAND.nc (2.2M)
INFO:cdsapi:Download rate 985.6K/s
INFO:GLHE.lake_extraction:Subsetted the dataset ERA5 Land to lake area
INFO:GLHE.helpers:Fixed the weird units descriptors in the dataset ERA5 Land for variable e from m of water equivalent to m
INFO:GLHE.helpers:Added the time component (day) to the units of the dataset ERA5 Land
INFO:GLHE.helpers:Converted the dataset ERA5 Land, variable ('tp', 'e'), to units mm/month
INFO:GLHE.helpers:The series (Product: ERA5 Land,Variable Name: e SLC: e, Unit: millimeter / month) has negative values, making it positive
INFO:GLHE.product_driver_functions:ERA Driver Finished
INFO:root:Product: ERA5 Land,Variable Name: tp SLC: p, Unit: millimeter / month
INFO:root:Product: ERA5 Land,Variable Name: e SLC: e, Unit: millimeter / month
INFO:GLHE.product_driver_functions:CRUTS Driver Started: Precip & PET
INFO:GLHE.data_access.CRUTS:Reading in CRUTS data from LocalData folder
INFO:GLHE.lake_extraction:Subsetted the dataset CRUTS to lake area
INFO:GLHE.helpers:Converted the dataset CRUTS, variable ('pet', 'pre'), to units mm/month
INFO:GLHE.product_driver_functions:CRUTS Driver Finished
INFO:root:Product: CRUTS,Variable Name: pet SLC: e, Unit: millimeter / month
INFO:root:Product: CRUTS,Variable Name: pre SLC: p, Unit: millimeter / month
INFO:GLHE.combined_data_functions:Merged datasets into pandas dataframe
INFO:GLHE.combined_data_functions:Plotting Data
INFO:GLHE.combined_data_functions:Output CSV written here: .temp/test.csv
INFO:root:Ended driver function
INFO:root:Starting driver function
INFO:GLHE.lake_extraction:Extracted Lake: None
INFO:GLHE.product_driver_functions:ERA Driver Started: Precip & Evap
INFO:cdsapi:Welcome to the CDS
INFO:cdsapi:Sending request to https://cds.climate.copernicus.eu/api/v2/resources/reanalysis-era5-land-monthly-means
INFO:cdsapi:Request is completed
INFO:cdsapi:Downloading https://download-0005-clone.copernicus-climate.eu/cache-compute-0005/cache/data0/adaptor.mars.internal-1685584454.8936002-12094-11-d7e3e12b-71c0-49aa-8ca9-65b13391b9ec.nc to .temp/TEMPORARY_DONOTOPEN_ERA5LAND.nc (2.2M)
INFO:cdsapi:Download rate 340.2K/s
ERROR:root:ERA5 Land Driver Failed: Polygon is too small for ERA5 Land, trying again with larger polygon
INFO:GLHE.lake_extraction:Subsetted the dataset ERA5 Land to lake area
INFO:GLHE.helpers:Fixed the weird units descriptors in the dataset ERA5 Land for variable e from m of water equivalent to m
INFO:GLHE.helpers:Added the time component (day) to the units of the dataset ERA5 Land
INFO:GLHE.helpers:Converted the dataset ERA5 Land, variable ('tp', 'e'), to units mm/month
INFO:GLHE.helpers:The series (Product: ERA5 Land,Variable Name: e SLC: e, Unit: millimeter / month) has negative values, making it positive
INFO:GLHE.product_driver_functions:ERA Driver Finished
INFO:root:Product: ERA5 Land,Variable Name: tp SLC: p, Unit: millimeter / month
INFO:root:Product: ERA5 Land,Variable Name: e SLC: e, Unit: millimeter / month
INFO:GLHE.product_driver_functions:CRUTS Driver Started: Precip & PET
INFO:GLHE.data_access.CRUTS:Reading in CRUTS data from LocalData folder
ERROR:root:ERA5 Land Driver Failed: Polygon is too small for CRUTS, trying again with larger polygon
INFO:GLHE.lake_extraction:Subsetted the dataset CRUTS to lake area
INFO:GLHE.helpers:Converted the dataset CRUTS, variable ('pet', 'pre'), to units mm/month
INFO:GLHE.product_driver_functions:CRUTS Driver Finished
INFO:root:Product: CRUTS,Variable Name: pet SLC: e, Unit: millimeter / month
INFO:root:Product: CRUTS,Variable Name: pre SLC: p, Unit: millimeter / month
INFO:GLHE.combined_data_functions:Merged datasets into pandas dataframe
INFO:GLHE.combined_data_functions:Plotting Data
INFO:GLHE.combined_data_functions:Output CSV written here: .temp/test.csv
INFO:root:Ended driver function
INFO:root:Starting driver function
INFO:GLHE.lake_extraction:Extracted Lake: Mono Lake
INFO:GLHE.product_driver_functions:ERA Driver Started: Precip & Evap
INFO:cdsapi:Welcome to the CDS
INFO:cdsapi:Sending request to https://cds.climate.copernicus.eu/api/v2/resources/reanalysis-era5-land-monthly-means
INFO:cdsapi:Request is queued
INFO:cdsapi:Request is running
INFO:cdsapi:Request is completed
INFO:cdsapi:Downloading https://download-0011-clone.copernicus-climate.eu/cache-compute-0011/cache/data1/adaptor.mars.internal-1685800890.621983-18486-6-ad71f21c-123f-4ba6-8f04-4bc4cb43b9bb.nc to .temp/TEMPORARY_DONOTOPEN_ERA5LAND.nc (2.5M)
INFO:cdsapi:Download rate 734.9K/s
INFO:GLHE.lake_extraction:Subsetted the dataset ERA5 Land to lake area
INFO:GLHE.helpers:Fixed the weird units descriptors in the dataset ERA5 Land for variable e from m of water equivalent to m
INFO:GLHE.helpers:Added the time component (day) to the units of the dataset ERA5 Land
INFO:GLHE.helpers:Converted the dataset ERA5 Land, variable ('tp', 'e'), to units mm/month
INFO:GLHE.helpers:Spatially Averaged the dataset ERA5 Land
INFO:GLHE.helpers:The series (Product: ERA5 Land,Variable Name: e SLC: e, Unit: millimeter / month) has negative values, making it positive
INFO:GLHE.product_driver_functions:ERA Driver Finished
INFO:root:Product: ERA5 Land,Variable Name: tp SLC: p, Unit: millimeter / month
INFO:root:Product: ERA5 Land,Variable Name: e SLC: e, Unit: millimeter / month
INFO:GLHE.product_driver_functions:CRUTS Driver Started: Precip & PET
INFO:GLHE.data_access.CRUTS:Reading in CRUTS data from LocalData folder
ERROR:root:CRUTS subset Polygon is too small for CRUTS, trying again with larger polygon
INFO:GLHE.lake_extraction:Subsetted the dataset CRUTS to lake area
INFO:GLHE.helpers:Converted the dataset CRUTS, variable ('pet', 'pre'), to units mm/month
INFO:GLHE.helpers:Spatially Averaged the dataset CRUTS
INFO:GLHE.product_driver_functions:CRUTS Driver Finished
INFO:root:Product: CRUTS,Variable Name: pet SLC: e, Unit: millimeter / month
INFO:root:Product: CRUTS,Variable Name: pre SLC: p, Unit: millimeter / month
INFO:root:Starting driver function
INFO:GLHE.lake_extraction:Extracted Lake: Mono Lake
INFO:GLHE.product_driver_functions:ERA Driver Started: Precip & Evap
INFO:cdsapi:Welcome to the CDS
INFO:cdsapi:Sending request to https://cds.climate.copernicus.eu/api/v2/resources/reanalysis-era5-land-monthly-means
INFO:cdsapi:Request is completed
INFO:cdsapi:Downloading https://download-0011-clone.copernicus-climate.eu/cache-compute-0011/cache/data1/adaptor.mars.internal-1685800890.621983-18486-6-ad71f21c-123f-4ba6-8f04-4bc4cb43b9bb.nc to .temp/TEMPORARY_DONOTOPEN_ERA5LAND.nc (2.5M)
INFO:cdsapi:Download rate 942.3K/s
INFO:GLHE.lake_extraction:Subsetted the dataset ERA5 Land to lake area
INFO:GLHE.helpers:Fixed the weird units descriptors in the dataset ERA5 Land for variable e from m of water equivalent to m
INFO:GLHE.helpers:Added the time component (day) to the units of the dataset ERA5 Land
INFO:GLHE.helpers:Converted the dataset ERA5 Land, variable ('tp', 'e'), to units mm/month
INFO:root:Starting driver function
INFO:GLHE.lake_extraction:Extracted Lake: Mono Lake
INFO:GLHE.product_driver_functions:ERA Driver Started: Precip & Evap
INFO:cdsapi:Welcome to the CDS
INFO:cdsapi:Sending request to https://cds.climate.copernicus.eu/api/v2/resources/reanalysis-era5-land-monthly-means
INFO:cdsapi:Request is completed
INFO:cdsapi:Downloading https://download-0011-clone.copernicus-climate.eu/cache-compute-0011/cache/data1/adaptor.mars.internal-1685800890.621983-18486-6-ad71f21c-123f-4ba6-8f04-4bc4cb43b9bb.nc to .temp/TEMPORARY_DONOTOPEN_ERA5LAND.nc (2.5M)
INFO:cdsapi:Download rate 669.7K/s
INFO:GLHE.lake_extraction:Subsetted the dataset ERA5 Land to lake area
INFO:GLHE.helpers:Fixed the weird units descriptors in the dataset ERA5 Land for variable e from m of water equivalent to m
INFO:GLHE.helpers:Added the time component (day) to the units of the dataset ERA5 Land
INFO:GLHE.helpers:Converted the dataset ERA5 Land, variable ('tp', 'e'), to units mm/month
INFO:GLHE.helpers:Spatially Averaged the dataset ERA5 Land
INFO:GLHE.helpers:The series (Product: ERA5 Land,Variable Name: e SLC: e, Unit: millimeter / month) has negative values, making it positive
INFO:GLHE.product_driver_functions:ERA Driver Finished
INFO:root:Product: ERA5 Land,Variable Name: tp SLC: p, Unit: millimeter / month
INFO:root:Product: ERA5 Land,Variable Name: e SLC: e, Unit: millimeter / month
INFO:GLHE.product_driver_functions:CRUTS Driver Started: Precip & PET
INFO:GLHE.data_access.CRUTS:Reading in CRUTS data from LocalData folder
INFO:root:Starting driver function
INFO:GLHE.lake_extraction:Extracted Lake: Mono Lake
INFO:GLHE.product_driver_functions:ERA Driver Started: Precip & Evap
INFO:cdsapi:Welcome to the CDS
INFO:cdsapi:Sending request to https://cds.climate.copernicus.eu/api/v2/resources/reanalysis-era5-land-monthly-means
INFO:cdsapi:Request is completed
INFO:cdsapi:Downloading https://download-0011-clone.copernicus-climate.eu/cache-compute-0011/cache/data1/adaptor.mars.internal-1685800890.621983-18486-6-ad71f21c-123f-4ba6-8f04-4bc4cb43b9bb.nc to .temp/TEMPORARY_DONOTOPEN_ERA5LAND.nc (2.5M)
INFO:cdsapi:Download rate 1.2M/s
INFO:GLHE.lake_extraction:Subsetted the dataset ERA5 Land to lake area
INFO:GLHE.helpers:Fixed the weird units descriptors in the dataset ERA5 Land for variable e from m of water equivalent to m
INFO:GLHE.helpers:Added the time component (day) to the units of the dataset ERA5 Land
INFO:GLHE.helpers:Converted the dataset ERA5 Land, variable ('tp', 'e'), to units mm/month
INFO:GLHE.helpers:Spatially Averaged the dataset ERA5 Land
INFO:GLHE.helpers:The series (Product: ERA5 Land,Variable Name: e SLC: e, Unit: millimeter / month) has negative values, making it positive
INFO:GLHE.product_driver_functions:ERA Driver Finished
INFO:root:Product: ERA5 Land,Variable Name: tp SLC: p, Unit: millimeter / month
INFO:root:Product: ERA5 Land,Variable Name: e SLC: e, Unit: millimeter / month
INFO:GLHE.product_driver_functions:CRUTS Driver Started: Precip & PET
INFO:GLHE.data_access.CRUTS:Reading in CRUTS data from LocalData folder
ERROR:root:CRUTS subset Polygon is too small for CRUTS, trying again with larger polygon
INFO:GLHE.lake_extraction:Subsetted the dataset CRUTS to lake area
INFO:GLHE.helpers:Converted the dataset CRUTS, variable ('pet', 'pre'), to units mm/month
INFO:GLHE.helpers:Spatially Averaged the dataset CRUTS
INFO:GLHE.product_driver_functions:CRUTS Driver Finished
INFO:root:Product: CRUTS,Variable Name: pet SLC: e, Unit: millimeter / month
INFO:root:Product: CRUTS,Variable Name: pre SLC: p, Unit: millimeter / month
INFO:root:Starting driver function
INFO:GLHE.lake_extraction:Extracted Lake: Mono Lake
INFO:GLHE.product_driver_functions:ERA Driver Started: Precip & Evap
INFO:cdsapi:Welcome to the CDS
INFO:cdsapi:Sending request to https://cds.climate.copernicus.eu/api/v2/resources/reanalysis-era5-land-monthly-means
INFO:cdsapi:Request is completed
INFO:cdsapi:Downloading https://download-0011-clone.copernicus-climate.eu/cache-compute-0011/cache/data1/adaptor.mars.internal-1685800890.621983-18486-6-ad71f21c-123f-4ba6-8f04-4bc4cb43b9bb.nc to .temp/TEMPORARY_DONOTOPEN_ERA5LAND.nc (2.5M)
INFO:cdsapi:Download rate 149.2K/s
INFO:GLHE.lake_extraction:Subsetted the dataset ERA5 Land to lake area
INFO:GLHE.helpers:Fixed the weird units descriptors in the dataset ERA5 Land for variable e from m of water equivalent to m
INFO:GLHE.helpers:Added the time component (day) to the units of the dataset ERA5 Land
INFO:GLHE.helpers:Converted the dataset ERA5 Land, variable ('tp', 'e'), to units mm/month
INFO:GLHE.helpers:Spatially Averaged the dataset ERA5 Land
INFO:GLHE.helpers:The series (Product: ERA5 Land,Variable Name: e SLC: e, Unit: millimeter / month) has negative values, making it positive
INFO:GLHE.product_driver_functions:ERA Driver Finished
INFO:root:Product: ERA5 Land,Variable Name: tp SLC: p, Unit: millimeter / month
INFO:root:Product: ERA5 Land,Variable Name: e SLC: e, Unit: millimeter / month
INFO:GLHE.product_driver_functions:CRUTS Driver Started: Precip & PET
INFO:GLHE.data_access.CRUTS:Reading in CRUTS data from LocalData folder
ERROR:root:CRUTS subset Polygon is too small for CRUTS, trying again with larger polygon
INFO:GLHE.lake_extraction:Subsetted the dataset CRUTS to lake area
INFO:GLHE.helpers:Converted the dataset CRUTS, variable ('pet', 'pre'), to units mm/month
INFO:GLHE.helpers:Spatially Averaged the dataset CRUTS
INFO:GLHE.product_driver_functions:CRUTS Driver Finished
INFO:root:Product: CRUTS,Variable Name: pet SLC: e, Unit: millimeter / month
INFO:root:Product: CRUTS,Variable Name: pre SLC: p, Unit: millimeter / month
INFO:root:Starting driver function
INFO:GLHE.lake_extraction:Extracted Lake: Mono Lake
INFO:GLHE.product_driver_functions:ERA Driver Started: Precip & Evap
INFO:cdsapi:Welcome to the CDS
INFO:cdsapi:Sending request to https://cds.climate.copernicus.eu/api/v2/resources/reanalysis-era5-land-monthly-means
INFO:cdsapi:Request is completed
INFO:cdsapi:Downloading https://download-0011-clone.copernicus-climate.eu/cache-compute-0011/cache/data1/adaptor.mars.internal-1685800890.621983-18486-6-ad71f21c-123f-4ba6-8f04-4bc4cb43b9bb.nc to .temp/TEMPORARY_DONOTOPEN_ERA5LAND.nc (2.5M)
INFO:cdsapi:Download rate 208.1K/s
INFO:GLHE.lake_extraction:Subsetted the dataset ERA5 Land to lake area
INFO:GLHE.helpers:Fixed the weird units descriptors in the dataset ERA5 Land for variable e from m of water equivalent to m
INFO:GLHE.helpers:Added the time component (day) to the units of the dataset ERA5 Land
INFO:GLHE.helpers:Converted the dataset ERA5 Land, variable ('tp', 'e'), to units mm/month
INFO:GLHE.helpers:Spatially Averaged the dataset ERA5 Land
INFO:GLHE.helpers:The series (Product: ERA5 Land,Variable Name: e SLC: e, Unit: millimeter / month) has negative values, making it positive
INFO:GLHE.product_driver_functions:ERA Driver Finished
INFO:root:Product: ERA5 Land,Variable Name: tp SLC: p, Unit: millimeter / month
INFO:root:Product: ERA5 Land,Variable Name: e SLC: e, Unit: millimeter / month
INFO:GLHE.product_driver_functions:CRUTS Driver Started: Precip & PET
INFO:GLHE.data_access.CRUTS:Reading in CRUTS data from LocalData folder
ERROR:root:CRUTS subset Polygon is too small for CRUTS, trying again with larger polygon
INFO:GLHE.lake_extraction:Subsetted the dataset CRUTS to lake area
INFO:GLHE.helpers:Converted the dataset CRUTS, variable ('pet', 'pre'), to units mm/month
INFO:GLHE.helpers:Spatially Averaged the dataset CRUTS
INFO:GLHE.product_driver_functions:CRUTS Driver Finished
INFO:root:Product: CRUTS,Variable Name: pet SLC: e, Unit: millimeter / month
INFO:root:Product: CRUTS,Variable Name: pre SLC: p, Unit: millimeter / month
INFO:root:Starting driver function
INFO:GLHE.lake_extraction:Extracted Lake: Mono Lake
INFO:GLHE.product_driver_functions:ERA Driver Started: Precip & Evap
INFO:cdsapi:Welcome to the CDS
INFO:cdsapi:Sending request to https://cds.climate.copernicus.eu/api/v2/resources/reanalysis-era5-land-monthly-means
INFO:cdsapi:Request is completed
INFO:cdsapi:Downloading https://download-0011-clone.copernicus-climate.eu/cache-compute-0011/cache/data1/adaptor.mars.internal-1685800890.621983-18486-6-ad71f21c-123f-4ba6-8f04-4bc4cb43b9bb.nc to .temp/TEMPORARY_DONOTOPEN_ERA5LAND.nc (2.5M)
INFO:cdsapi:Download rate 136.1K/s
INFO:GLHE.lake_extraction:Subsetted the dataset ERA5 Land to lake area
INFO:GLHE.helpers:Fixed the weird units descriptors in the dataset ERA5 Land for variable e from m of water equivalent to m
INFO:GLHE.helpers:Added the time component (day) to the units of the dataset ERA5 Land
INFO:GLHE.helpers:Converted the dataset ERA5 Land, variable ('tp', 'e'), to units mm/month
INFO:GLHE.helpers:Spatially Averaged the dataset ERA5 Land
INFO:GLHE.helpers:The series (Product: ERA5 Land,Variable Name: e SLC: e, Unit: millimeter / month) has negative values, making it positive
INFO:GLHE.product_driver_functions:ERA Driver Finished
INFO:root:Product: ERA5 Land,Variable Name: tp SLC: p, Unit: millimeter / month
INFO:root:Product: ERA5 Land,Variable Name: e SLC: e, Unit: millimeter / month
INFO:GLHE.product_driver_functions:CRUTS Driver Started: Precip & PET
INFO:GLHE.data_access.CRUTS:Reading in CRUTS data from LocalData folder
ERROR:root:CRUTS subset Polygon is too small for CRUTS, trying again with larger polygon
INFO:GLHE.lake_extraction:Subsetted the dataset CRUTS to lake area
INFO:GLHE.helpers:Converted the dataset CRUTS, variable ('pet', 'pre'), to units mm/month
INFO:GLHE.helpers:Spatially Averaged the dataset CRUTS
INFO:GLHE.product_driver_functions:CRUTS Driver Finished
INFO:root:Product: CRUTS,Variable Name: pet SLC: e, Unit: millimeter / month
INFO:root:Product: CRUTS,Variable Name: pre SLC: p, Unit: millimeter / month
INFO:GLHE.combined_data_functions:Merged datasets into pandas dataframe
INFO:root:Starting driver function
INFO:GLHE.lake_extraction:Extracted Lake: Mono Lake
INFO:GLHE.product_driver_functions:ERA Driver Started: Precip & Evap
INFO:cdsapi:Sending request to https://cds.climate.copernicus.eu/api/v2/resources/reanalysis-era5-land-monthly-means
WARNING:cdsapi:Connection error: [HTTPSConnectionPool(host='cds.climate.copernicus.eu', port=443): Max retries exceeded with url: /api/v2/resources/reanalysis-era5-land-monthly-means (Caused by NameResolutionError("<urllib3.connection.HTTPSConnection object at 0x0000022978AA3C70>: Failed to resolve 'cds.climate.copernicus.eu' ([Errno 11001] getaddrinfo failed)"))]. Attempt 1 of 500.
WARNING:cdsapi:Retrying in 120 seconds
INFO:root:Starting driver function
INFO:GLHE.lake_extraction:Extracted Lake: Mono Lake
INFO:GLHE.product_driver_functions:ERA Driver Started: Precip & Evap
INFO:cdsapi:Welcome to the CDS
INFO:cdsapi:Sending request to https://cds.climate.copernicus.eu/api/v2/resources/reanalysis-era5-land-monthly-means
INFO:cdsapi:Request is completed
INFO:cdsapi:Downloading https://download-0011-clone.copernicus-climate.eu/cache-compute-0011/cache/data1/adaptor.mars.internal-1685800890.621983-18486-6-ad71f21c-123f-4ba6-8f04-4bc4cb43b9bb.nc to .temp/TEMPORARY_DONOTOPEN_ERA5LAND.nc (2.5M)
INFO:cdsapi:Download rate 203.5K/s
INFO:GLHE.lake_extraction:Subsetted the dataset ERA5 Land to lake area
INFO:GLHE.helpers:Fixed the weird units descriptors in the dataset ERA5 Land for variable e from m of water equivalent to m
INFO:GLHE.helpers:Added the time component (day) to the units of the dataset ERA5 Land
INFO:GLHE.helpers:Converted the dataset ERA5 Land, variable ('tp', 'e'), to units mm/month
INFO:GLHE.helpers:Spatially Averaged the dataset ERA5 Land
INFO:GLHE.helpers:The series (Product: ERA5 Land,Variable Name: e SLC: e, Unit: millimeter / month) has negative values, making it positive
INFO:GLHE.product_driver_functions:ERA Driver Finished
INFO:root:Product: ERA5 Land,Variable Name: tp SLC: p, Unit: millimeter / month
INFO:root:Product: ERA5 Land,Variable Name: e SLC: e, Unit: millimeter / month
INFO:GLHE.product_driver_functions:CRUTS Driver Started: Precip & PET
INFO:GLHE.data_access.CRUTS:Reading in CRUTS data from LocalData folder
ERROR:root:CRUTS subset Polygon is too small for CRUTS, trying again with larger polygon
INFO:GLHE.lake_extraction:Subsetted the dataset CRUTS to lake area
INFO:GLHE.helpers:Converted the dataset CRUTS, variable ('pet', 'pre'), to units mm/month
INFO:GLHE.helpers:Spatially Averaged the dataset CRUTS
INFO:GLHE.product_driver_functions:CRUTS Driver Finished
INFO:root:Product: CRUTS,Variable Name: pet SLC: e, Unit: millimeter / month
INFO:root:Product: CRUTS,Variable Name: pre SLC: p, Unit: millimeter / month
INFO:GLHE.combined_data_functions:Merged datasets into pandas dataframe
INFO:GLHE.combined_data_functions:Plotting Data
INFO:GLHE.combined_data_functions:Output CSV written here: .temp/test.csv
INFO:root:Ended driver function
INFO:root:Starting driver function
INFO:GLHE.lake_extraction:Extracted Lake: Mono Lake
INFO:GLHE.product_driver_functions:ERA Driver Started: Precip & Evap
INFO:root:Starting driver function
INFO:GLHE.lake_extraction:Extracted Lake: Mono Lake
INFO:GLHE.product_driver_functions:ERA Driver Started: Precip & Evap
INFO:cdsapi:Welcome to the CDS
INFO:cdsapi:Sending request to https://cds.climate.copernicus.eu/api/v2/resources/reanalysis-era5-land-monthly-means
INFO:cdsapi:Request is completed
INFO:cdsapi:Downloading https://download-0011-clone.copernicus-climate.eu/cache-compute-0011/cache/data1/adaptor.mars.internal-1685800890.621983-18486-6-ad71f21c-123f-4ba6-8f04-4bc4cb43b9bb.nc to .temp/TEMPORARY_DONOTOPEN_ERA5LAND.nc (2.5M)
INFO:cdsapi:Download rate 66.4K/s
INFO:GLHE.lake_extraction:Subsetted the dataset ERA5 Land to lake area
INFO:GLHE.helpers:Fixed the weird units descriptors in the dataset ERA5 Land for variable e from m of water equivalent to m
INFO:GLHE.helpers:Added the time component (day) to the units of the dataset ERA5 Land
INFO:GLHE.helpers:Converted the dataset ERA5 Land, variable ('tp', 'e'), to units mm/month
INFO:GLHE.helpers:Spatially Averaged the dataset ERA5 Land
INFO:GLHE.helpers:The series (Product: ERA5 Land,Variable Name: e SLC: e, Unit: millimeter / month) has negative values, making it positive
INFO:GLHE.product_driver_functions:ERA Driver Finished
INFO:root:Product: ERA5 Land,Variable Name: tp SLC: p, Unit: millimeter / month
INFO:root:Product: ERA5 Land,Variable Name: e SLC: e, Unit: millimeter / month
INFO:GLHE.product_driver_functions:CRUTS Driver Started: Precip & PET
INFO:GLHE.data_access.CRUTS:Reading in CRUTS data from LocalData folder
ERROR:root:CRUTS subset Polygon is too small for CRUTS, trying again with larger polygon
INFO:GLHE.lake_extraction:Subsetted the dataset CRUTS to lake area
INFO:GLHE.helpers:Converted the dataset CRUTS, variable ('pet', 'pre'), to units mm/month
INFO:GLHE.helpers:Spatially Averaged the dataset CRUTS
INFO:GLHE.product_driver_functions:CRUTS Driver Finished
INFO:root:Product: CRUTS,Variable Name: pet SLC: e, Unit: millimeter / month
INFO:root:Product: CRUTS,Variable Name: pre SLC: p, Unit: millimeter / month
INFO:GLHE.combined_data_functions:Merged datasets into pandas dataframe
INFO:root:Starting driver function
INFO:GLHE.lake_extraction:Extracted Lake: Mono Lake
INFO:GLHE.product_driver_functions:ERA Driver Started: Precip & Evap
INFO:cdsapi:Welcome to the CDS
INFO:cdsapi:Sending request to https://cds.climate.copernicus.eu/api/v2/resources/reanalysis-era5-land-monthly-means
INFO:cdsapi:Request is completed
INFO:cdsapi:Downloading https://download-0011-clone.copernicus-climate.eu/cache-compute-0011/cache/data1/adaptor.mars.internal-1685800890.621983-18486-6-ad71f21c-123f-4ba6-8f04-4bc4cb43b9bb.nc to .temp/TEMPORARY_DONOTOPEN_ERA5LAND.nc (2.5M)
INFO:cdsapi:Download rate 91.6K/s
INFO:GLHE.lake_extraction:Subsetted the dataset ERA5 Land to lake area
INFO:GLHE.helpers:Fixed the weird units descriptors in the dataset ERA5 Land for variable e from m of water equivalent to m
INFO:GLHE.helpers:Added the time component (day) to the units of the dataset ERA5 Land
INFO:GLHE.helpers:Converted the dataset ERA5 Land, variable ('tp', 'e'), to units mm/month
INFO:GLHE.helpers:Spatially Averaged the dataset ERA5 Land
INFO:GLHE.helpers:The series (Product: ERA5 Land,Variable Name: e SLC: e, Unit: millimeter / month) has negative values, making it positive
INFO:GLHE.product_driver_functions:ERA Driver Finished
INFO:root:Product: ERA5 Land,Variable Name: tp SLC: p, Unit: millimeter / month
INFO:root:Product: ERA5 Land,Variable Name: e SLC: e, Unit: millimeter / month
INFO:GLHE.product_driver_functions:CRUTS Driver Started: Precip & PET
INFO:GLHE.data_access.CRUTS:Reading in CRUTS data from LocalData folder
ERROR:root:CRUTS subset Polygon is too small for CRUTS, trying again with larger polygon
INFO:GLHE.lake_extraction:Subsetted the dataset CRUTS to lake area
INFO:GLHE.helpers:Converted the dataset CRUTS, variable ('pet', 'pre'), to units mm/month
INFO:GLHE.helpers:Spatially Averaged the dataset CRUTS
INFO:GLHE.product_driver_functions:CRUTS Driver Finished
INFO:root:Product: CRUTS,Variable Name: pet SLC: e, Unit: millimeter / month
INFO:root:Product: CRUTS,Variable Name: pre SLC: p, Unit: millimeter / month
INFO:GLHE.combined_data_functions:Merged datasets into pandas dataframe
INFO:root:Starting driver function
INFO:GLHE.lake_extraction:Extracted Lake: Mono Lake
INFO:GLHE.product_driver_functions:ERA Driver Started: Precip & Evap
INFO:cdsapi:Welcome to the CDS
INFO:cdsapi:Sending request to https://cds.climate.copernicus.eu/api/v2/resources/reanalysis-era5-land-monthly-means
INFO:cdsapi:Request is completed
INFO:cdsapi:Downloading https://download-0011-clone.copernicus-climate.eu/cache-compute-0011/cache/data1/adaptor.mars.internal-1685800890.621983-18486-6-ad71f21c-123f-4ba6-8f04-4bc4cb43b9bb.nc to .temp/TEMPORARY_DONOTOPEN_ERA5LAND.nc (2.5M)
INFO:root:Starting driver function
INFO:GLHE.lake_extraction:Extracted Lake: Mono Lake
INFO:GLHE.product_driver_functions:ERA Driver Started: Precip & Evap
INFO:root:Starting driver function
INFO:GLHE.lake_extraction:Extracted Lake: Mono Lake
INFO:GLHE.product_driver_functions:ERA Driver Started: Precip & Evap
INFO:GLHE.helpers:Spatially Averaged the dataset ERA5 Land
INFO:GLHE.helpers:The series (Product: ERA5 Land,Variable Name: e SLC: e, Unit: millimeter / month) has negative values, making it positive
INFO:GLHE.product_driver_functions:ERA Driver Finished
INFO:root:Product: ERA5 Land,Variable Name: tp SLC: p, Unit: millimeter / month
INFO:root:Product: ERA5 Land,Variable Name: e SLC: e, Unit: millimeter / month
INFO:GLHE.product_driver_functions:CRUTS Driver Started: Precip & PET
INFO:GLHE.helpers:Spatially Averaged the dataset CRUTS
INFO:GLHE.product_driver_functions:CRUTS Driver Finished
INFO:root:Product: CRUTS,Variable Name: pet SLC: e, Unit: millimeter / month
INFO:root:Product: CRUTS,Variable Name: pre SLC: p, Unit: millimeter / month
INFO:GLHE.combined_data_functions:Merged datasets into pandas dataframe
INFO:root:Starting driver function
INFO:GLHE.lake_extraction:Extracted Lake: Mono Lake
INFO:GLHE.product_driver_functions:ERA Driver Started: Precip & Evap
INFO:GLHE.helpers:Spatially Averaged the dataset ERA5 Land
INFO:GLHE.helpers:The series (Product: ERA5 Land,Variable Name: e SLC: e, Unit: millimeter / month) has negative values, making it positive
INFO:GLHE.product_driver_functions:ERA Driver Finished
INFO:root:Product: ERA5 Land,Variable Name: tp SLC: p, Unit: millimeter / month
INFO:root:Product: ERA5 Land,Variable Name: e SLC: e, Unit: millimeter / month
INFO:GLHE.product_driver_functions:CRUTS Driver Started: Precip & PET
INFO:GLHE.helpers:Spatially Averaged the dataset CRUTS
INFO:GLHE.product_driver_functions:CRUTS Driver Finished
INFO:root:Product: CRUTS,Variable Name: pet SLC: e, Unit: millimeter / month
INFO:root:Product: CRUTS,Variable Name: pre SLC: p, Unit: millimeter / month
INFO:GLHE.combined_data_functions:Merged datasets into pandas dataframe
INFO:root:Starting driver function
INFO:GLHE.lake_extraction:Extracted Lake: Mono Lake
INFO:GLHE.product_driver_functions:ERA Driver Started: Precip & Evap
INFO:GLHE.helpers:Spatially Averaged the dataset ERA5 Land
INFO:GLHE.helpers:The series (Product: ERA5 Land,Variable Name: e SLC: e, Unit: millimeter / month) has negative values, making it positive
INFO:GLHE.product_driver_functions:ERA Driver Finished
INFO:root:Product: ERA5 Land,Variable Name: tp SLC: p, Unit: millimeter / month
INFO:root:Product: ERA5 Land,Variable Name: e SLC: e, Unit: millimeter / month
INFO:GLHE.product_driver_functions:CRUTS Driver Started: Precip & PET
INFO:GLHE.helpers:Spatially Averaged the dataset CRUTS
INFO:GLHE.product_driver_functions:CRUTS Driver Finished
INFO:root:Product: CRUTS,Variable Name: pet SLC: e, Unit: millimeter / month
INFO:root:Product: CRUTS,Variable Name: pre SLC: p, Unit: millimeter / month
INFO:GLHE.combined_data_functions:Merged datasets into pandas dataframe
INFO:root:Starting driver function
INFO:GLHE.lake_extraction:Extracted Lake: Mono Lake
INFO:GLHE.product_driver_functions:ERA Driver Started: Precip & Evap
INFO:GLHE.helpers:Spatially Averaged the dataset ERA5 Land
INFO:GLHE.helpers:The series (Product: ERA5 Land,Variable Name: e SLC: e, Unit: millimeter / month) has negative values, making it positive
INFO:GLHE.product_driver_functions:ERA Driver Finished
INFO:root:Product: ERA5 Land,Variable Name: tp SLC: p, Unit: millimeter / month
INFO:root:Product: ERA5 Land,Variable Name: e SLC: e, Unit: millimeter / month
INFO:GLHE.product_driver_functions:CRUTS Driver Started: Precip & PET
INFO:GLHE.helpers:Spatially Averaged the dataset CRUTS
INFO:GLHE.product_driver_functions:CRUTS Driver Finished
INFO:root:Product: CRUTS,Variable Name: pet SLC: e, Unit: millimeter / month
INFO:root:Product: CRUTS,Variable Name: pre SLC: p, Unit: millimeter / month
INFO:GLHE.combined_data_functions:Merged datasets into pandas dataframe
INFO:root:Starting driver function
INFO:GLHE.lake_extraction:Extracted Lake: Mono Lake
INFO:GLHE.product_driver_functions:ERA Driver Started: Precip & Evap
INFO:GLHE.helpers:Spatially Averaged the dataset ERA5 Land
INFO:GLHE.helpers:The series (Product: ERA5 Land,Variable Name: e SLC: e, Unit: millimeter / month) has negative values, making it positive
INFO:GLHE.product_driver_functions:ERA Driver Finished
INFO:root:Product: ERA5 Land,Variable Name: tp SLC: p, Unit: millimeter / month
INFO:root:Product: ERA5 Land,Variable Name: e SLC: e, Unit: millimeter / month
INFO:GLHE.product_driver_functions:CRUTS Driver Started: Precip & PET
INFO:GLHE.helpers:Spatially Averaged the dataset CRUTS
INFO:GLHE.product_driver_functions:CRUTS Driver Finished
INFO:root:Product: CRUTS,Variable Name: pet SLC: e, Unit: millimeter / month
INFO:root:Product: CRUTS,Variable Name: pre SLC: p, Unit: millimeter / month
INFO:GLHE.combined_data_functions:Merged datasets into pandas dataframe
INFO:root:Starting driver function
INFO:GLHE.lake_extraction:Extracted Lake: Mono Lake
INFO:GLHE.product_driver_functions:ERA Driver Started: Precip & Evap
INFO:GLHE.helpers:Spatially Averaged the dataset ERA5 Land
INFO:GLHE.helpers:The series (Product: ERA5 Land,Variable Name: e SLC: e, Unit: millimeter / month) has negative values, making it positive
INFO:GLHE.product_driver_functions:ERA Driver Finished
INFO:root:Product: ERA5 Land,Variable Name: tp SLC: p, Unit: millimeter / month
INFO:root:Product: ERA5 Land,Variable Name: e SLC: e, Unit: millimeter / month
INFO:GLHE.product_driver_functions:CRUTS Driver Started: Precip & PET
INFO:GLHE.helpers:Spatially Averaged the dataset CRUTS
INFO:GLHE.product_driver_functions:CRUTS Driver Finished
INFO:root:Product: CRUTS,Variable Name: pet SLC: e, Unit: millimeter / month
INFO:root:Product: CRUTS,Variable Name: pre SLC: p, Unit: millimeter / month
INFO:GLHE.combined_data_functions:Merged datasets into pandas dataframe
INFO:root:Starting driver function
INFO:GLHE.lake_extraction:Extracted Lake: Mono Lake
INFO:GLHE.product_driver_functions:ERA Driver Started: Precip & Evap
INFO:GLHE.helpers:Spatially Averaged the dataset ERA5 Land
INFO:GLHE.helpers:The series (Product: ERA5 Land,Variable Name: e SLC: e, Unit: millimeter / month) has negative values, making it positive
INFO:GLHE.product_driver_functions:ERA Driver Finished
INFO:root:Product: ERA5 Land,Variable Name: tp SLC: p, Unit: millimeter / month
INFO:root:Product: ERA5 Land,Variable Name: e SLC: e, Unit: millimeter / month
INFO:GLHE.product_driver_functions:CRUTS Driver Started: Precip & PET
INFO:GLHE.helpers:Spatially Averaged the dataset CRUTS
INFO:GLHE.product_driver_functions:CRUTS Driver Finished
INFO:root:Product: CRUTS,Variable Name: pet SLC: e, Unit: millimeter / month
INFO:root:Product: CRUTS,Variable Name: pre SLC: p, Unit: millimeter / month
INFO:GLHE.combined_data_functions:Merged datasets into pandas dataframe
INFO:root:Starting driver function
INFO:GLHE.lake_extraction:Extracted Lake: Mono Lake
INFO:GLHE.product_driver_functions:ERA Driver Started: Precip & Evap
INFO:GLHE.helpers:Spatially Averaged the dataset ERA5 Land
INFO:GLHE.helpers:The series (Product: ERA5 Land,Variable Name: e SLC: e, Unit: millimeter / month) has negative values, making it positive
INFO:GLHE.product_driver_functions:ERA Driver Finished
INFO:root:Product: ERA5 Land,Variable Name: tp SLC: p, Unit: millimeter / month
INFO:root:Product: ERA5 Land,Variable Name: e SLC: e, Unit: millimeter / month
INFO:GLHE.product_driver_functions:CRUTS Driver Started: Precip & PET
INFO:GLHE.helpers:Spatially Averaged the dataset CRUTS
INFO:GLHE.product_driver_functions:CRUTS Driver Finished
INFO:root:Product: CRUTS,Variable Name: pet SLC: e, Unit: millimeter / month
INFO:root:Product: CRUTS,Variable Name: pre SLC: p, Unit: millimeter / month
INFO:GLHE.combined_data_functions:Merged datasets into pandas dataframe
INFO:root:Starting driver function
INFO:GLHE.lake_extraction:Extracted Lake: Mono Lake
INFO:GLHE.product_driver_functions:ERA Driver Started: Precip & Evap
INFO:GLHE.helpers:Spatially Averaged the dataset ERA5 Land
INFO:GLHE.helpers:The series (Product: ERA5 Land,Variable Name: e SLC: e, Unit: millimeter / month) has negative values, making it positive
INFO:GLHE.product_driver_functions:ERA Driver Finished
INFO:root:Product: ERA5 Land,Variable Name: tp SLC: p, Unit: millimeter / month
INFO:root:Product: ERA5 Land,Variable Name: e SLC: e, Unit: millimeter / month
INFO:GLHE.product_driver_functions:CRUTS Driver Started: Precip & PET
INFO:GLHE.helpers:Spatially Averaged the dataset CRUTS
INFO:GLHE.product_driver_functions:CRUTS Driver Finished
INFO:root:Product: CRUTS,Variable Name: pet SLC: e, Unit: millimeter / month
INFO:root:Product: CRUTS,Variable Name: pre SLC: p, Unit: millimeter / month
INFO:GLHE.combined_data_functions:Merged datasets into pandas dataframe
INFO:root:Starting driver function
INFO:GLHE.lake_extraction:Extracted Lake: Mono Lake
INFO:GLHE.product_driver_functions:ERA Driver Started: Precip & Evap
INFO:GLHE.helpers:Spatially Averaged the dataset ERA5 Land
INFO:GLHE.helpers:The series (Product: ERA5 Land,Variable Name: e SLC: e, Unit: millimeter / month) has negative values, making it positive
INFO:GLHE.product_driver_functions:ERA Driver Finished
INFO:root:Product: ERA5 Land,Variable Name: tp SLC: p, Unit: millimeter / month
INFO:root:Product: ERA5 Land,Variable Name: e SLC: e, Unit: millimeter / month
INFO:GLHE.product_driver_functions:CRUTS Driver Started: Precip & PET
INFO:GLHE.helpers:Spatially Averaged the dataset CRUTS
INFO:GLHE.product_driver_functions:CRUTS Driver Finished
INFO:root:Product: CRUTS,Variable Name: pet SLC: e, Unit: millimeter / month
INFO:root:Product: CRUTS,Variable Name: pre SLC: p, Unit: millimeter / month
INFO:GLHE.combined_data_functions:Merged datasets into pandas dataframe
INFO:root:Starting driver function
INFO:GLHE.lake_extraction:Extracted Lake: Mono Lake
INFO:GLHE.product_driver_functions:ERA Driver Started: Precip & Evap
INFO:GLHE.helpers:Spatially Averaged the dataset ERA5 Land
INFO:GLHE.helpers:The series (Product: ERA5 Land,Variable Name: e SLC: e, Unit: millimeter / month) has negative values, making it positive
INFO:GLHE.product_driver_functions:ERA Driver Finished
INFO:root:Product: ERA5 Land,Variable Name: tp SLC: p, Unit: millimeter / month
INFO:root:Product: ERA5 Land,Variable Name: e SLC: e, Unit: millimeter / month
INFO:GLHE.product_driver_functions:CRUTS Driver Started: Precip & PET
INFO:GLHE.helpers:Spatially Averaged the dataset CRUTS
INFO:GLHE.product_driver_functions:CRUTS Driver Finished
INFO:root:Product: CRUTS,Variable Name: pet SLC: e, Unit: millimeter / month
INFO:root:Product: CRUTS,Variable Name: pre SLC: p, Unit: millimeter / month
INFO:GLHE.combined_data_functions:Merged datasets into pandas dataframe
INFO:root:Starting driver function
INFO:GLHE.lake_extraction:Extracted Lake: Mono Lake
INFO:GLHE.product_driver_functions:ERA Driver Started: Precip & Evap
INFO:GLHE.helpers:Spatially Averaged the dataset ERA5 Land
INFO:GLHE.helpers:The series (Product: ERA5 Land,Variable Name: e SLC: e, Unit: millimeter / month) has negative values, making it positive
INFO:GLHE.product_driver_functions:ERA Driver Finished
INFO:root:Product: ERA5 Land,Variable Name: tp SLC: p, Unit: millimeter / month
INFO:root:Product: ERA5 Land,Variable Name: e SLC: e, Unit: millimeter / month
INFO:GLHE.product_driver_functions:CRUTS Driver Started: Precip & PET
INFO:GLHE.helpers:Spatially Averaged the dataset CRUTS
INFO:GLHE.product_driver_functions:CRUTS Driver Finished
INFO:root:Product: CRUTS,Variable Name: pet SLC: e, Unit: millimeter / month
INFO:root:Product: CRUTS,Variable Name: pre SLC: p, Unit: millimeter / month
INFO:GLHE.combined_data_functions:Merged datasets into pandas dataframe
INFO:root:Starting driver function
INFO:GLHE.lake_extraction:Extracted Lake: Mono Lake
INFO:GLHE.product_driver_functions:ERA Driver Started: Precip & Evap
INFO:GLHE.helpers:Spatially Averaged the dataset ERA5 Land
INFO:GLHE.helpers:The series (Product: ERA5 Land,Variable Name: e SLC: e, Unit: millimeter / month) has negative values, making it positive
INFO:GLHE.product_driver_functions:ERA Driver Finished
INFO:root:Product: ERA5 Land,Variable Name: tp SLC: p, Unit: millimeter / month
INFO:root:Product: ERA5 Land,Variable Name: e SLC: e, Unit: millimeter / month
INFO:GLHE.product_driver_functions:CRUTS Driver Started: Precip & PET
INFO:GLHE.helpers:Spatially Averaged the dataset CRUTS
INFO:GLHE.product_driver_functions:CRUTS Driver Finished
INFO:root:Product: CRUTS,Variable Name: pet SLC: e, Unit: millimeter / month
INFO:root:Product: CRUTS,Variable Name: pre SLC: p, Unit: millimeter / month
INFO:GLHE.combined_data_functions:Merged datasets into pandas dataframe
INFO:root:Starting driver function
INFO:GLHE.lake_extraction:Extracted Lake: Mono Lake
INFO:GLHE.product_driver_functions:ERA Driver Started: Precip & Evap
INFO:GLHE.helpers:Spatially Averaged the dataset ERA5 Land
INFO:GLHE.helpers:The series (Product: ERA5 Land,Variable Name: e SLC: e, Unit: millimeter / month) has negative values, making it positive
INFO:GLHE.product_driver_functions:ERA Driver Finished
INFO:root:Product: ERA5 Land,Variable Name: tp SLC: p, Unit: millimeter / month
INFO:root:Product: ERA5 Land,Variable Name: e SLC: e, Unit: millimeter / month
INFO:GLHE.product_driver_functions:CRUTS Driver Started: Precip & PET
INFO:GLHE.helpers:Spatially Averaged the dataset CRUTS
INFO:GLHE.product_driver_functions:CRUTS Driver Finished
INFO:root:Product: CRUTS,Variable Name: pet SLC: e, Unit: millimeter / month
INFO:root:Product: CRUTS,Variable Name: pre SLC: p, Unit: millimeter / month
INFO:GLHE.combined_data_functions:Merged datasets into pandas dataframe
INFO:root:Starting driver function
INFO:GLHE.lake_extraction:Extracted Lake: Mono Lake
INFO:GLHE.product_driver_functions:ERA Driver Started: Precip & Evap
INFO:GLHE.helpers:Spatially Averaged the dataset ERA5 Land
INFO:GLHE.helpers:The series (Product: ERA5 Land,Variable Name: e SLC: e, Unit: millimeter / month) has negative values, making it positive
INFO:GLHE.product_driver_functions:ERA Driver Finished
INFO:root:Product: ERA5 Land,Variable Name: tp SLC: p, Unit: millimeter / month
INFO:root:Product: ERA5 Land,Variable Name: e SLC: e, Unit: millimeter / month
INFO:GLHE.product_driver_functions:CRUTS Driver Started: Precip & PET
INFO:GLHE.helpers:Spatially Averaged the dataset CRUTS
INFO:GLHE.product_driver_functions:CRUTS Driver Finished
INFO:root:Product: CRUTS,Variable Name: pet SLC: e, Unit: millimeter / month
INFO:root:Product: CRUTS,Variable Name: pre SLC: p, Unit: millimeter / month
INFO:GLHE.combined_data_functions:Merged datasets into pandas dataframe
INFO:root:Starting driver function
INFO:GLHE.lake_extraction:Extracted Lake: Mono Lake
INFO:GLHE.product_driver_functions:ERA Driver Started: Precip & Evap
INFO:GLHE.helpers:Spatially Averaged the dataset ERA5 Land
INFO:GLHE.helpers:The series (Product: ERA5 Land,Variable Name: e SLC: e, Unit: millimeter / month) has negative values, making it positive
INFO:GLHE.product_driver_functions:ERA Driver Finished
INFO:root:Product: ERA5 Land,Variable Name: tp SLC: p, Unit: millimeter / month
INFO:root:Product: ERA5 Land,Variable Name: e SLC: e, Unit: millimeter / month
INFO:GLHE.product_driver_functions:CRUTS Driver Started: Precip & PET
INFO:GLHE.helpers:Spatially Averaged the dataset CRUTS
INFO:GLHE.product_driver_functions:CRUTS Driver Finished
INFO:root:Product: CRUTS,Variable Name: pet SLC: e, Unit: millimeter / month
INFO:root:Product: CRUTS,Variable Name: pre SLC: p, Unit: millimeter / month
INFO:GLHE.combined_data_functions:Merged datasets into pandas dataframe
INFO:root:Starting driver function
INFO:GLHE.lake_extraction:Extracted Lake: Mono Lake
INFO:GLHE.product_driver_functions:ERA Driver Started: Precip & Evap
INFO:GLHE.helpers:Spatially Averaged the dataset ERA5 Land
INFO:GLHE.helpers:The series (Product: ERA5 Land,Variable Name: e SLC: e, Unit: millimeter / month) has negative values, making it positive
INFO:GLHE.product_driver_functions:ERA Driver Finished
INFO:root:Product: ERA5 Land,Variable Name: tp SLC: p, Unit: millimeter / month
INFO:root:Product: ERA5 Land,Variable Name: e SLC: e, Unit: millimeter / month
INFO:GLHE.product_driver_functions:CRUTS Driver Started: Precip & PET
INFO:GLHE.helpers:Spatially Averaged the dataset CRUTS
INFO:GLHE.product_driver_functions:CRUTS Driver Finished
INFO:root:Product: CRUTS,Variable Name: pet SLC: e, Unit: millimeter / month
INFO:root:Product: CRUTS,Variable Name: pre SLC: p, Unit: millimeter / month
INFO:GLHE.combined_data_functions:Merged datasets into pandas dataframe
INFO:root:Starting driver function
INFO:GLHE.lake_extraction:Extracted Lake: Mono Lake
INFO:GLHE.product_driver_functions:ERA Driver Started: Precip & Evap
INFO:GLHE.helpers:Spatially Averaged the dataset ERA5 Land
INFO:GLHE.helpers:The series (Product: ERA5 Land,Variable Name: e SLC: e, Unit: millimeter / month) has negative values, making it positive
INFO:GLHE.product_driver_functions:ERA Driver Finished
INFO:root:Product: ERA5 Land,Variable Name: tp SLC: p, Unit: millimeter / month
INFO:root:Product: ERA5 Land,Variable Name: e SLC: e, Unit: millimeter / month
INFO:GLHE.product_driver_functions:CRUTS Driver Started: Precip & PET
INFO:GLHE.helpers:Spatially Averaged the dataset CRUTS
INFO:GLHE.product_driver_functions:CRUTS Driver Finished
INFO:root:Product: CRUTS,Variable Name: pet SLC: e, Unit: millimeter / month
INFO:root:Product: CRUTS,Variable Name: pre SLC: p, Unit: millimeter / month
INFO:GLHE.combined_data_functions:Merged datasets into pandas dataframe
INFO:root:Starting driver function
INFO:GLHE.lake_extraction:Extracted Lake: Mono Lake
INFO:GLHE.product_driver_functions:ERA Driver Started: Precip & Evap
INFO:GLHE.helpers:Spatially Averaged the dataset ERA5 Land
INFO:GLHE.helpers:The series (Product: ERA5 Land,Variable Name: e SLC: e, Unit: millimeter / month) has negative values, making it positive
INFO:GLHE.product_driver_functions:ERA Driver Finished
INFO:root:Product: ERA5 Land,Variable Name: tp SLC: p, Unit: millimeter / month
INFO:root:Product: ERA5 Land,Variable Name: e SLC: e, Unit: millimeter / month
INFO:GLHE.product_driver_functions:CRUTS Driver Started: Precip & PET
INFO:GLHE.helpers:Spatially Averaged the dataset CRUTS
INFO:GLHE.product_driver_functions:CRUTS Driver Finished
INFO:root:Product: CRUTS,Variable Name: pet SLC: e, Unit: millimeter / month
INFO:root:Product: CRUTS,Variable Name: pre SLC: p, Unit: millimeter / month
INFO:GLHE.combined_data_functions:Merged datasets into pandas dataframe
INFO:root:Starting driver function
INFO:GLHE.lake_extraction:Extracted Lake: Mono Lake
INFO:GLHE.product_driver_functions:ERA Driver Started: Precip & Evap
INFO:GLHE.helpers:Spatially Averaged the dataset ERA5 Land
INFO:GLHE.helpers:The series (Product: ERA5 Land,Variable Name: e SLC: e, Unit: millimeter / month) has negative values, making it positive
INFO:GLHE.product_driver_functions:ERA Driver Finished
INFO:root:Product: ERA5 Land,Variable Name: tp SLC: p, Unit: millimeter / month
INFO:root:Product: ERA5 Land,Variable Name: e SLC: e, Unit: millimeter / month
INFO:GLHE.product_driver_functions:CRUTS Driver Started: Precip & PET
INFO:GLHE.helpers:Spatially Averaged the dataset CRUTS
INFO:GLHE.product_driver_functions:CRUTS Driver Finished
INFO:root:Product: CRUTS,Variable Name: pet SLC: e, Unit: millimeter / month
INFO:root:Product: CRUTS,Variable Name: pre SLC: p, Unit: millimeter / month
INFO:GLHE.combined_data_functions:Merged datasets into pandas dataframe
INFO:root:Starting driver function
INFO:GLHE.lake_extraction:Extracted Lake: Mono Lake
INFO:GLHE.product_driver_functions:ERA Driver Started: Precip & Evap
INFO:GLHE.helpers:Spatially Averaged the dataset ERA5 Land
INFO:GLHE.helpers:The series (Product: ERA5 Land,Variable Name: e SLC: e, Unit: millimeter / month) has negative values, making it positive
INFO:GLHE.product_driver_functions:ERA Driver Finished
INFO:root:Product: ERA5 Land,Variable Name: tp SLC: p, Unit: millimeter / month
INFO:root:Product: ERA5 Land,Variable Name: e SLC: e, Unit: millimeter / month
INFO:GLHE.product_driver_functions:CRUTS Driver Started: Precip & PET
INFO:GLHE.helpers:Spatially Averaged the dataset CRUTS
INFO:GLHE.product_driver_functions:CRUTS Driver Finished
INFO:root:Product: CRUTS,Variable Name: pet SLC: e, Unit: millimeter / month
INFO:root:Product: CRUTS,Variable Name: pre SLC: p, Unit: millimeter / month
INFO:GLHE.combined_data_functions:Merged datasets into pandas dataframe
INFO:root:Starting driver function
INFO:GLHE.lake_extraction:Extracted Lake: Mono Lake
INFO:GLHE.product_driver_functions:ERA Driver Started: Precip & Evap
INFO:GLHE.helpers:Spatially Averaged the dataset ERA5 Land
INFO:GLHE.helpers:The series (Product: ERA5 Land,Variable Name: e SLC: e, Unit: millimeter / month) has negative values, making it positive
INFO:GLHE.product_driver_functions:ERA Driver Finished
INFO:root:Product: ERA5 Land,Variable Name: tp SLC: p, Unit: millimeter / month
INFO:root:Product: ERA5 Land,Variable Name: e SLC: e, Unit: millimeter / month
INFO:GLHE.product_driver_functions:CRUTS Driver Started: Precip & PET
INFO:GLHE.helpers:Spatially Averaged the dataset CRUTS
INFO:GLHE.product_driver_functions:CRUTS Driver Finished
INFO:root:Product: CRUTS,Variable Name: pet SLC: e, Unit: millimeter / month
INFO:root:Product: CRUTS,Variable Name: pre SLC: p, Unit: millimeter / month
INFO:GLHE.combined_data_functions:Merged datasets into pandas dataframe
INFO:root:Starting driver function
INFO:GLHE.lake_extraction:Extracted Lake: Mono Lake
INFO:GLHE.product_driver_functions:ERA Driver Started: Precip & Evap
INFO:GLHE.helpers:Spatially Averaged the dataset ERA5 Land
INFO:GLHE.helpers:The series (Product: ERA5 Land,Variable Name: e SLC: e, Unit: millimeter / month) has negative values, making it positive
INFO:GLHE.product_driver_functions:ERA Driver Finished
INFO:root:Product: ERA5 Land,Variable Name: tp SLC: p, Unit: millimeter / month
INFO:root:Product: ERA5 Land,Variable Name: e SLC: e, Unit: millimeter / month
INFO:GLHE.product_driver_functions:CRUTS Driver Started: Precip & PET
INFO:GLHE.helpers:Spatially Averaged the dataset CRUTS
INFO:GLHE.product_driver_functions:CRUTS Driver Finished
INFO:root:Product: CRUTS,Variable Name: pet SLC: e, Unit: millimeter / month
INFO:root:Product: CRUTS,Variable Name: pre SLC: p, Unit: millimeter / month
INFO:GLHE.combined_data_functions:Merged datasets into pandas dataframe
INFO:root:Starting driver function
INFO:GLHE.lake_extraction:Extracted Lake: Mono Lake
INFO:GLHE.product_driver_functions:ERA Driver Started: Precip & Evap
INFO:GLHE.helpers:Spatially Averaged the dataset ERA5 Land
INFO:GLHE.helpers:The series (Product: ERA5 Land,Variable Name: e SLC: e, Unit: millimeter / month) has negative values, making it positive
INFO:GLHE.product_driver_functions:ERA Driver Finished
INFO:root:Product: ERA5 Land,Variable Name: tp SLC: p, Unit: millimeter / month
INFO:root:Product: ERA5 Land,Variable Name: e SLC: e, Unit: millimeter / month
INFO:GLHE.product_driver_functions:CRUTS Driver Started: Precip & PET
INFO:GLHE.helpers:Spatially Averaged the dataset CRUTS
INFO:GLHE.product_driver_functions:CRUTS Driver Finished
INFO:root:Product: CRUTS,Variable Name: pet SLC: e, Unit: millimeter / month
INFO:root:Product: CRUTS,Variable Name: pre SLC: p, Unit: millimeter / month
INFO:GLHE.combined_data_functions:Merged datasets into pandas dataframe
INFO:root:Starting driver function
INFO:GLHE.lake_extraction:Extracted Lake: Mono Lake
INFO:GLHE.product_driver_functions:ERA Driver Started: Precip & Evap
INFO:GLHE.helpers:Spatially Averaged the dataset ERA5 Land
INFO:GLHE.helpers:The series (Product: ERA5 Land,Variable Name: e SLC: e, Unit: millimeter / month) has negative values, making it positive
INFO:GLHE.product_driver_functions:ERA Driver Finished
INFO:root:Product: ERA5 Land,Variable Name: tp SLC: p, Unit: millimeter / month
INFO:root:Product: ERA5 Land,Variable Name: e SLC: e, Unit: millimeter / month
INFO:GLHE.product_driver_functions:CRUTS Driver Started: Precip & PET
INFO:GLHE.helpers:Spatially Averaged the dataset CRUTS
INFO:GLHE.product_driver_functions:CRUTS Driver Finished
INFO:root:Product: CRUTS,Variable Name: pet SLC: e, Unit: millimeter / month
INFO:root:Product: CRUTS,Variable Name: pre SLC: p, Unit: millimeter / month
INFO:GLHE.combined_data_functions:Merged datasets into pandas dataframe
INFO:root:Starting driver function
INFO:GLHE.lake_extraction:Extracted Lake: Mono Lake
INFO:GLHE.product_driver_functions:ERA Driver Started: Precip & Evap
INFO:GLHE.helpers:Spatially Averaged the dataset ERA5 Land
INFO:GLHE.helpers:The series (Product: ERA5 Land,Variable Name: e SLC: e, Unit: millimeter / month) has negative values, making it positive
INFO:GLHE.product_driver_functions:ERA Driver Finished
INFO:root:Product: ERA5 Land,Variable Name: tp SLC: p, Unit: millimeter / month
INFO:root:Product: ERA5 Land,Variable Name: e SLC: e, Unit: millimeter / month
INFO:GLHE.product_driver_functions:CRUTS Driver Started: Precip & PET
INFO:GLHE.helpers:Spatially Averaged the dataset CRUTS
INFO:GLHE.product_driver_functions:CRUTS Driver Finished
INFO:root:Product: CRUTS,Variable Name: pet SLC: e, Unit: millimeter / month
INFO:root:Product: CRUTS,Variable Name: pre SLC: p, Unit: millimeter / month
INFO:GLHE.combined_data_functions:Merged datasets into pandas dataframe
INFO:root:Starting driver function
INFO:GLHE.lake_extraction:Extracted Lake: Mono Lake
INFO:GLHE.product_driver_functions:ERA Driver Started: Precip & Evap
INFO:GLHE.helpers:Spatially Averaged the dataset ERA5 Land
INFO:GLHE.helpers:The series (Product: ERA5 Land,Variable Name: e SLC: e, Unit: millimeter / month) has negative values, making it positive
INFO:GLHE.product_driver_functions:ERA Driver Finished
INFO:root:Product: ERA5 Land,Variable Name: tp SLC: p, Unit: millimeter / month
INFO:root:Product: ERA5 Land,Variable Name: e SLC: e, Unit: millimeter / month
INFO:GLHE.product_driver_functions:CRUTS Driver Started: Precip & PET
INFO:GLHE.helpers:Spatially Averaged the dataset CRUTS
INFO:GLHE.product_driver_functions:CRUTS Driver Finished
INFO:root:Product: CRUTS,Variable Name: pet SLC: e, Unit: millimeter / month
INFO:root:Product: CRUTS,Variable Name: pre SLC: p, Unit: millimeter / month
INFO:GLHE.combined_data_functions:Merged datasets into pandas dataframe
INFO:root:Starting driver function
INFO:GLHE.lake_extraction:Extracted Lake: Mono Lake
INFO:GLHE.product_driver_functions:ERA Driver Started: Precip & Evap
INFO:GLHE.helpers:Spatially Averaged the dataset ERA5 Land
INFO:GLHE.helpers:The series (Product: ERA5 Land,Variable Name: e SLC: e, Unit: millimeter / month) has negative values, making it positive
INFO:GLHE.product_driver_functions:ERA Driver Finished
INFO:root:Product: ERA5 Land,Variable Name: tp SLC: p, Unit: millimeter / month
INFO:root:Product: ERA5 Land,Variable Name: e SLC: e, Unit: millimeter / month
INFO:GLHE.product_driver_functions:CRUTS Driver Started: Precip & PET
INFO:GLHE.helpers:Spatially Averaged the dataset CRUTS
INFO:GLHE.product_driver_functions:CRUTS Driver Finished
INFO:root:Product: CRUTS,Variable Name: pet SLC: e, Unit: millimeter / month
INFO:root:Product: CRUTS,Variable Name: pre SLC: p, Unit: millimeter / month
INFO:GLHE.combined_data_functions:Merged datasets into pandas dataframe
